<?xml version="1.0" encoding="UTF-8"?>
<testng-results ignored="0" total="1" passed="1" failed="0" skipped="0">
  <reporter-output>
    <line>
      <![CDATA[Launching Application.]]>
    </line>
    <line>
      <![CDATA[Reading Data from Excel]]>
    </line>
    <line>
      <![CDATA[Reading Data from Excel]]>
    </line>
    <line>
      <![CDATA[Taken Screenshot]]>
    </line>
    <line>
      <![CDATA[Login Successfull]]>
    </line>
  </reporter-output>
  <suite started-at="2022-09-13T08:41:12 IST" name="Default suite" finished-at="2022-09-13T08:41:21 IST" duration-ms="9074">
    <groups>
    </groups>
    <test started-at="2022-09-13T08:41:12 IST" name="Default test" finished-at="2022-09-13T08:41:21 IST" duration-ms="9074">
      <class name="TestClass.Login_TestClass">
        <test-method is-config="true" signature="launchBrowser()[pri:0, instance:TestClass.Login_TestClass@428640fa]" started-at="2022-09-13T08:41:12 IST" name="launchBrowser" finished-at="2022-09-13T08:41:19 IST" duration-ms="7388" status="PASS">
          <reporter-output>
            <line>
              <![CDATA[Launching Application.]]>
            </line>
          </reporter-output>
        </test-method> <!-- launchBrowser -->
        <test-method signature="LoginToApplication()[pri:0, instance:TestClass.Login_TestClass@428640fa]" started-at="2022-09-13T08:41:19 IST" name="LoginToApplication" finished-at="2022-09-13T08:41:21 IST" duration-ms="1645" status="PASS">
          <reporter-output>
            <line>
              <![CDATA[Reading Data from Excel]]>
            </line>
            <line>
              <![CDATA[Reading Data from Excel]]>
            </line>
            <line>
              <![CDATA[Taken Screenshot]]>
            </line>
            <line>
              <![CDATA[Login Successfull]]>
            </line>
          </reporter-output>
        </test-method> <!-- LoginToApplication -->
      </class> <!-- TestClass.Login_TestClass -->
    </test> <!-- Default test -->
  </suite> <!-- Default suite -->
</testng-results>
